<?xml version="1.0" encoding="UTF-8"?>
<testsuite name="Cucumber" time="45.866" tests="2" skipped="0" failures="2" errors="0">
<testcase classname="US1005 Kullanici amazonda urun aratip 2.urun detaylarini test eder" name="TC09 Kullanici arama sonuclarinda istedigi urunu test edebilmeli" time="15.331">
<failure type="java.lang.AssertionError">
<![CDATA[java.lang.AssertionError
	at org.junit.Assert.fail(Assert.java:87)
	at org.junit.Assert.assertTrue(Assert.java:42)
	at org.junit.Assert.assertTrue(Assert.java:53)
	at stepdefinitions.AmazonStepdefinitions.urun_isminin_icerdigini_test_eder(AmazonStepdefinitions.java:97)
	at ✽.urun isminin "Kutella" icerdigini test eder(file:///Users/ahmetbulutluoz/IdeaProjects/com.team108_Cucumber/src/test/resources/features/US1005_dryRunKullanimi.feature:10)
]]>
</failure>
<system-out><![CDATA[
Given kullanici "amazonUrl" anasayfaya gider................................passed
When amazonda "Nutella" icin arama yapar....................................passed
And 5 saniye bekler.........................................................passed
And 3.urune gider...........................................................passed
Then urun isminin "Kutella" icerdigini test eder............................failed
And sayfayi kapatir.........................................................skipped
]]></system-out>
</testcase>
<testcase classname="US1008 gecerli kullanici adi ve sifre ile sisteme giris" name="TC12 Gecerli username ve password ile basarili giris yapilabilmeli" time="30.428">
<failure type="org.openqa.selenium.NoSuchElementException" message="no such element: Unable to locate element: {&quot;method&quot;:&quot;xpath&quot;,&quot;selector&quot;:&quot;//a[text()='Instructor']&quot;}
  (Session info: chrome=111.0.5563.64)
For documentation on this error, please visit: https://selenium.dev/exceptions/#no_such_element
Build info: version: '4.8.0', revision: '267030adea'
System info: os.name: 'Mac OS X', os.arch: 'aarch64', os.version: '13.1', java.version: '11.0.15.1'
Driver info: org.openqa.selenium.chrome.ChromeDriver
Command: [8ec6e2c2796080d0d061fee167db2219, findElement {using=xpath, value=//a[text()='Instructor']}]
Capabilities {acceptInsecureCerts: false, browserName: chrome, browserVersion: 111.0.5563.64, chrome: {chromedriverVersion: 111.0.5563.64 (c710e93d5b63..., userDataDir: /var/folders/k5/tn4cs92s1h3...}, goog:chromeOptions: {debuggerAddress: localhost:65308}, networkConnectionEnabled: false, pageLoadStrategy: normal, platformName: MAC, proxy: Proxy(), se:cdp: ws://localhost:65308/devtoo..., se:cdpVersion: 111.0.5563.64, setWindowRect: true, strictFileInteractability: false, timeouts: {implicit: 0, pageLoad: 300000, script: 30000}, unhandledPromptBehavior: dismiss and notify, webauthn:extension:credBlob: true, webauthn:extension:largeBlob: true, webauthn:extension:minPinLength: true, webauthn:extension:prf: true, webauthn:virtualAuthenticators: true}
Session ID: 8ec6e2c2796080d0d061fee167db2219">
<![CDATA[org.openqa.selenium.NoSuchElementException: no such element: Unable to locate element: {"method":"xpath","selector":"//a[text()='Instructor']"}
  (Session info: chrome=111.0.5563.64)
For documentation on this error, please visit: https://selenium.dev/exceptions/#no_such_element
Build info: version: '4.8.0', revision: '267030adea'
System info: os.name: 'Mac OS X', os.arch: 'aarch64', os.version: '13.1', java.version: '11.0.15.1'
Driver info: org.openqa.selenium.chrome.ChromeDriver
Command: [8ec6e2c2796080d0d061fee167db2219, findElement {using=xpath, value=//a[text()='Instructor']}]
Capabilities {acceptInsecureCerts: false, browserName: chrome, browserVersion: 111.0.5563.64, chrome: {chromedriverVersion: 111.0.5563.64 (c710e93d5b63..., userDataDir: /var/folders/k5/tn4cs92s1h3...}, goog:chromeOptions: {debuggerAddress: localhost:65308}, networkConnectionEnabled: false, pageLoadStrategy: normal, platformName: MAC, proxy: Proxy(), se:cdp: ws://localhost:65308/devtoo..., se:cdpVersion: 111.0.5563.64, setWindowRect: true, strictFileInteractability: false, timeouts: {implicit: 0, pageLoad: 300000, script: 30000}, unhandledPromptBehavior: dismiss and notify, webauthn:extension:credBlob: true, webauthn:extension:largeBlob: true, webauthn:extension:minPinLength: true, webauthn:extension:prf: true, webauthn:virtualAuthenticators: true}
Session ID: 8ec6e2c2796080d0d061fee167db2219
	at java.base/jdk.internal.reflect.NativeConstructorAccessorImpl.newInstance0(Native Method)
	at java.base/jdk.internal.reflect.NativeConstructorAccessorImpl.newInstance(NativeConstructorAccessorImpl.java:62)
	at java.base/jdk.internal.reflect.DelegatingConstructorAccessorImpl.newInstance(DelegatingConstructorAccessorImpl.java:45)
	at java.base/java.lang.reflect.Constructor.newInstance(Constructor.java:490)
	at org.openqa.selenium.remote.codec.w3c.W3CHttpResponseCodec.createException(W3CHttpResponseCodec.java:200)
	at org.openqa.selenium.remote.codec.w3c.W3CHttpResponseCodec.decode(W3CHttpResponseCodec.java:133)
	at org.openqa.selenium.remote.codec.w3c.W3CHttpResponseCodec.decode(W3CHttpResponseCodec.java:53)
	at org.openqa.selenium.remote.HttpCommandExecutor.execute(HttpCommandExecutor.java:184)
	at org.openqa.selenium.remote.service.DriverCommandExecutor.invokeExecute(DriverCommandExecutor.java:167)
	at org.openqa.selenium.remote.service.DriverCommandExecutor.execute(DriverCommandExecutor.java:142)
	at org.openqa.selenium.remote.RemoteWebDriver.execute(RemoteWebDriver.java:543)
	at org.openqa.selenium.remote.ElementLocation$ElementFinder$2.findElement(ElementLocation.java:162)
	at org.openqa.selenium.remote.ElementLocation.findElement(ElementLocation.java:60)
	at org.openqa.selenium.remote.RemoteWebDriver.findElement(RemoteWebDriver.java:352)
	at org.openqa.selenium.remote.RemoteWebDriver.findElement(RemoteWebDriver.java:344)
	at org.openqa.selenium.support.pagefactory.DefaultElementLocator.findElement(DefaultElementLocator.java:70)
	at org.openqa.selenium.support.pagefactory.internal.LocatingElementHandler.invoke(LocatingElementHandler.java:39)
	at com.sun.proxy.$Proxy23.isDisplayed(Unknown Source)
	at stepdefinitions.QdStepdefinitions.basariliOlarakGirisYapildiginiTestEder(QdStepdefinitions.java:35)
	at ✽.basarili olarak giris yapildigini test eder(file:///Users/ahmetbulutluoz/IdeaProjects/com.team108_Cucumber/src/test/resources/features/US1008_PozitifLoginTesti.feature:12)
]]>
</failure>
<system-out><![CDATA[
Given kullanici "qdUrl" anasayfaya gider....................................passed
Then ilk login linkine tiklar...............................................passed
And username olarak "qdGecerliUsername" girer...............................passed
And password olarak "qdGecersizPassword" girer..............................passed
And 10 saniye bekler........................................................passed
And login butonuna basar....................................................passed
Then basarili olarak giris yapildigini test eder............................failed
And sayfayi kapatir.........................................................skipped
]]></system-out>
</testcase>
</testsuite>
